<?xml version="1.0" encoding="UTF-8"?>
<!-- Generated by org.testng.reporters.JUnitReportReporter -->
<testsuite hostname="Neova-Navdeep_HP" failures="0" tests="2" name="testCases.TC01_WelcomePage_TitleTest" time="5.520" errors="0" timestamp="14 Mar 2019 14:53:14 GMT" skipped="0">
  <testcase classname="testCases.TC01_WelcomePage_TitleTest" name="TitleTest1" time="3.059"/>
  <testcase classname="testCases.TC01_WelcomePage_TitleTest" name="TitleTest2" time="2.461"/>
</testsuite> <!-- testCases.TC01_WelcomePage_TitleTest -->
