<?xml version="1.0" encoding="UTF-8"?>
<!-- Generated by org.testng.reporters.JUnitReportReporter -->
<testsuite hostname="Neova-Navdeep_HP" failures="0" tests="1" name="testCases.TC01_WelcomePage" time="0.335" errors="0" timestamp="19 Mar 2019 03:57:12 GMT" skipped="0">
  <testcase classname="testCases.TC01_WelcomePage" name="validateTestCase1" time="0.335"/>
</testsuite> <!-- testCases.TC01_WelcomePage -->
